B 0 0.2.8662
G# 0.2.8662 0.3.9909
E 0.3.9909 0.7.7642
B 0.7.7642 0.12.127
E 0.12.127 0.17.6871
B 0.17.6871 0.23.3832
E 0.23.3832 0.27.0658
B 0.27.0658 0.29.2063
F# 0.29.2063 0.30.9206
B 0.30.9206 0.33.1519
E 0.33.1519 0.35.9819
B 0.35.9819 0.38.2585
F# 0.38.2585 0.39.9637
C# 0.39.9637 0.40.9977
E 0.40.9977 0.48.6893
B 0.48.6893 0.50.0317
C# 0.50.0317 0.51.2744
E 0.51.2744 0.57.8413
B 0.57.8413 1.2.576
G# 1.2.576 1.4.2993
E 1.4.2993 1.7.4195
B 1.7.4195 1.12.4082
G# 1.12.4082 1.13.7324
E 1.13.7324 1.17.161
B 1.17.161 1.20.3175