C 0 0.1.1066
B 0.1.1066 0.3.1927
G 0.3.1927 0.5.7143
F 0.5.7143 0.6.7029
G 0.6.7029 0.9.4694
E 0.9.4694 0.10.9569
C 0.10.9569 0.11.746
G 0.11.746 0.11.9274
C 0.11.9274 0.11.9456
G 0.11.9456 0.20.7982
E 0.20.7982 0.22.1134
D 0.22.1134 0.30.1678
G 0.30.1678 0.31.3651
D 0.31.3651 0.32.78
G 0.32.78 0.33.7143
D 0.33.7143 0.36.4172
E 0.36.4172 0.38.195
D 0.38.195 0.40.5624
G 0.40.5624 0.41.1156
C 0.41.1156 0.42.6667
G 0.42.6667 0.43.8277
D 0.43.8277 0.52.2358
G 0.52.2358 0.53.8503
D 0.53.8503 0.55.4195
G 0.55.4195 0.57.0612
F 0.57.0612 0.58.7029
C 0.58.7029 0.59.8549
D 0.59.8549 1.1.0794
G 1.1.0794 1.3.0476
D 1.3.0476 1.5.7778
E 1.5.7778 1.7.0204
D 1.7.0204 1.9.0884
G 1.9.0884 1.10.1587
D 1.10.1587 1.12.2358
G 1.12.2358 1.14.2948
D 1.14.2948 1.15.9728
G 1.15.9728 1.18.2222
F 1.18.2222 1.19.5465
E 1.19.5465 1.19.746
D 1.19.746 1.23.9819
G 1.23.9819 1.25.2063
D 1.25.2063 1.26.4036
E 1.26.4036 1.27.9546
D 1.27.9546 1.29.8322
G 1.29.8322 1.31.0748
D 1.31.0748 1.36.7256
G 1.36.7256 1.37.6599
D 1.37.6599 1.39.4649
G 1.39.4649 1.41.6054
F 1.41.6054 1.42.9206
G 1.42.9206 1.54.7755