C 0 0.1.7959
G# 0.1.7959 0.6.5215
A 0.6.5215 0.6.9932
F 0.6.9932 0.9.4875
D 0.9.4875 0.10.6576
A# 0.10.6576 0.13.0794
C 0.13.0794 0.16.8435
F 0.16.8435 0.22.0045
A# 0.22.0045 0.24.5624
F 0.24.5624 0.27.6644
A# 0.27.6644 0.30.0408
F 0.30.0408 0.32.7075
A# 0.32.7075 0.34.7846
G 0.34.7846 0.38.3311
C 0.38.3311 0.39.6009
F 0.39.6009 0.43.5918
A# 0.43.5918 0.46.0045
F 0.46.0045 0.49.1338
A# 0.49.1338 0.51.6916
F 0.51.6916 0.54.0045
A# 0.54.0045 0.57.1247
G 0.57.1247 0.59.7279
C 0.59.7279 1.2.0499
A# 1.2.0499 1.4.7166
F 1.4.7166 1.7.5011
A# 1.7.5011 1.10.4036
F 1.10.4036 1.12.6259
A# 1.12.6259 1.16.8435
C 1.16.8435 1.16.9342
G 1.16.9342 1.21.1973
C 1.21.1973 1.24.0635
F 1.24.0635 1.30.449
A 1.30.449 1.31.9909
G 1.31.9909 1.34.9025
C 1.34.9025 1.36.6259
F 1.36.6259 1.42.5488
G 1.42.5488 1.45.5329
C 1.45.5329 1.47.6644
E 1.47.6644 1.51.0748
D 1.51.0748 1.57.6599
G 1.57.6599 2.1.8685
C 2.1.8685 2.2.0952
F 2.2.0952 2.6.2585
A# 2.6.2585 2.9.8957
F 2.9.8957 2.12.2902
C 2.12.2902 2.13.8141
F 2.13.8141 2.18.9932
A# 2.18.9932 2.20.7619
F 2.20.7619 2.24.0091
A# 2.24.0091 2.25.7596
F 2.25.7596 2.29.9048
A# 2.29.9048 2.31.1202
G 2.31.1202 2.33.9864
C 2.33.9864 2.39.3469
F 2.39.3469 2.41.9048
A# 2.41.9048 2.44.517
F 2.44.517 2.46.7392
A# 2.46.7392 2.50.8118
D 2.50.8118 2.52.7256
G 2.52.7256 2.55.5374
C 2.55.5374 2.59.8639
F 2.59.8639 3.3.4195
A 3.3.4195 3.5.9138
G 3.5.9138 3.8.9161
C 3.8.9161 3.11.8277
F 3.11.8277 3.15.229
D 3.15.229 3.16.644
G 3.16.644 3.19.619
C 3.19.619 3.22.2948
E 3.22.2948 3.27.8639
D 3.27.8639 3.30.3129
F 3.30.3129 3.31.5828
G 3.31.5828 3.36.0998
C 3.36.0998 3.39.356
F 3.39.356 3.43.5465
A# 3.43.5465 3.46.966
F 3.46.966 3.49.2336
A# 3.49.2336 3.51.9819
F 3.51.9819 3.54.4218
A# 3.54.4218 3.57.805
F 3.57.805 4.0.17234
A# 4.0.17234 4.4.2358
F 4.4.2358 4.10.6395
C 4.10.6395 4.13.3243
F 4.13.3243 4.15.1837