F 0 0.3.2381
A# 0.3.2381 0.5.9592
F 0.5.9592 0.8.8889
A# 0.8.8889 0.11.2381
F 0.11.2381 0.14.2857
A# 0.14.2857 0.16.1179
G 0.16.1179 0.19.4739
C 0.19.4739 0.20.907
F 0.20.907 0.24.127
A# 0.24.127 0.28.4717
F 0.28.4717 0.29.7778
A# 0.29.7778 0.32.9977
F 0.32.9977 0.35.1565
A# 0.35.1565 0.38.322
G 0.38.322 0.41.3515
C 0.41.3515 0.43.4195
A# 0.43.4195 0.45.9592
F 0.45.9592 0.48.5896
F# 0.48.5896 0.49.6145
A# 0.49.6145 0.51.8639
F 0.51.8639 0.51.9728
A# 0.51.9728 0.52.1633
F 0.52.1633 0.53.0522
A# 0.53.0522 0.53.6145
F 0.53.6145 0.54.0499
A# 0.54.0499 0.57.0703
A 0.57.0703 0.58.8753
G 0.58.8753 1.2.5941
C 1.2.5941 1.5.2517
A# 1.5.2517 1.7.0385
C 1.7.0385 1.7.3107