C 0 0.1.7143
G 0.1.7143 0.6.2857
F 0.6.2857 0.7.8912
E 0.7.8912 0.10.1587
D 0.10.1587 0.11.2018
C 0.11.2018 0.12.4989
G 0.12.4989 0.13.8957
B 0.13.8957 0.14.0862
C 0.14.0862 0.15.6644
E 0.15.6644 0.17.0431
C 0.17.0431 0.19.1383
E 0.19.1383 0.20.9342
C 0.20.9342 0.23.9637
E 0.23.9637 0.28.2449
B 0.28.2449 0.28.6531
E 0.28.6531 0.33.6508
B 0.33.6508 0.34.5306
F 0.34.5306 0.37.6961
B 0.37.6961 0.39.2562
E 0.39.2562 0.40.6168
B 0.40.6168 0.41.8866
C 0.41.8866 0.43.1474
D 0.43.1474 0.46.1406
G 0.46.1406 0.51.0658